<?xml version="1.0" encoding="UTF-8"?>
<testsuites name="jest tests" tests="9" failures="0" errors="0" time="0.167">
  <testsuite name="PostReactionsService" errors="0" failures="0" skipped="0" timestamp="2026-08-11T05:26:27" time="0.117" tests="9">
    <testcase classname="PostReactionsService setReaction creates or updates a reaction on an accessible public post" name="PostReactionsService setReaction creates or updates a reaction on an accessible public post" time="0.002">
    </testcase>
    <testcase classname="PostReactionsService setReaction allows the owner to react to their private post" name="PostReactionsService setReaction allows the owner to react to their private post" time="0.001">
    </testcase>
    <testcase classname="PostReactionsService setReaction hides an inaccessible private post" name="PostReactionsService setReaction hides an inaccessible private post" time="0">
    </testcase>
    <testcase classname="PostReactionsService setReaction prevents reactions across a block relationship" name="PostReactionsService setReaction prevents reactions across a block relationship" time="0.001">
    </testcase>
    <testcase classname="PostReactionsService setReaction replaces LIKE with LOVE without increasing the total count" name="PostReactionsService setReaction replaces LIKE with LOVE without increasing the total count" time="0">
    </testcase>
    <testcase classname="PostReactionsService removeReaction is successful when no existing reaction is found" name="PostReactionsService removeReaction is successful when no existing reaction is found" time="0.001">
    </testcase>
    <testcase classname="PostReactionsService getPostReactions returns an unfiltered reaction list" name="PostReactionsService getPostReactions returns an unfiltered reaction list" time="0">
    </testcase>
    <testcase classname="PostReactionsService getPostReactions filters by type and creates a next cursor" name="PostReactionsService getPostReactions filters by type and creates a next cursor" time="0.001">
    </testcase>
    <testcase classname="PostReactionsService getPostReactions rejects a malformed cursor" name="PostReactionsService getPostReactions rejects a malformed cursor" time="0">
    </testcase>
  </testsuite>
</testsuites>