<?xml version="1.0" encoding="UTF-8"?>
<testsuites name="jest tests" tests="183" failures="0" errors="0" time="20.742">
  <testsuite name="Authentication - Expired Session" errors="0" failures="0" skipped="0" timestamp="2026-08-07T01:53:33" time="2.615" tests="2">
    <testcase classname="Authentication - Expired Session should reject access after logout" name="Authentication - Expired Session should reject access after logout" time="0.99">
    </testcase>
    <testcase classname="Authentication - Expired Session should reject refresh after logout" name="Authentication - Expired Session should reject refresh after logout" time="0.829">
    </testcase>
  </testsuite>
  <testsuite name="Authentication - Invalid Refresh Token" errors="0" failures="0" skipped="0" timestamp="2026-08-07T01:53:35" time="1.96" tests="3">
    <testcase classname="Authentication - Invalid Refresh Token should reject fake refresh token" name="Authentication - Invalid Refresh Token should reject fake refresh token" time="0.023">
    </testcase>
    <testcase classname="Authentication - Invalid Refresh Token should reject access token as refresh token" name="Authentication - Invalid Refresh Token should reject access token as refresh token" time="0.897">
    </testcase>
    <testcase classname="Authentication - Invalid Refresh Token should reject revoked refresh token" name="Authentication - Invalid Refresh Token should reject revoked refresh token" time="0.843">
    </testcase>
  </testsuite>
  <testsuite name="Authentication - Logout All" errors="0" failures="0" skipped="0" timestamp="2026-08-07T01:53:37" time="1.837" tests="1">
    <testcase classname="Authentication - Logout All should logout all sessions" name="Authentication - Logout All should logout all sessions" time="1.666">
    </testcase>
  </testsuite>
  <testsuite name="Authentication - Sessions" errors="0" failures="0" skipped="0" timestamp="2026-08-07T01:53:39" time="1.793" tests="2">
    <testcase classname="Authentication - Sessions should return all active sessions" name="Authentication - Sessions should return all active sessions" time="0.84">
    </testcase>
    <testcase classname="Authentication - Sessions returned session should contain required fields" name="Authentication - Sessions returned session should contain required fields" time="0.78">
    </testcase>
  </testsuite>
  <testsuite name="Authentication - Invalid OTP" errors="0" failures="0" skipped="0" timestamp="2026-08-07T01:53:41" time="1.766" tests="3">
    <testcase classname="Authentication - Invalid OTP should reject incorrect otp" name="Authentication - Invalid OTP should reject incorrect otp" time="0.55">
    </testcase>
    <testcase classname="Authentication - Invalid OTP should reject random otp" name="Authentication - Invalid OTP should reject random otp" time="0.256">
    </testcase>
    <testcase classname="Authentication - Invalid OTP should reject reused otp" name="Authentication - Invalid OTP should reject reused otp" time="0.773">
    </testcase>
  </testsuite>
  <testsuite name="Complete Authentication Flow" errors="0" failures="0" skipped="0" timestamp="2026-08-07T01:53:43" time="1.651" tests="1">
    <testcase classname="Complete Authentication Flow should complete entire auth lifecycle" name="Complete Authentication Flow should complete entire auth lifecycle" time="1.484">
    </testcase>
  </testsuite>
  <testsuite name="Authentication - Refresh Token" errors="0" failures="0" skipped="0" timestamp="2026-08-07T01:53:44" time="1.516" tests="1">
    <testcase classname="Authentication - Refresh Token should refresh access token" name="Authentication - Refresh Token should refresh access token" time="1.355">
    </testcase>
  </testsuite>
  <testsuite name="Authentication - Revoke Session" errors="0" failures="0" skipped="0" timestamp="2026-08-07T01:53:46" time="1.814" tests="1">
    <testcase classname="Authentication - Revoke Session should revoke another session" name="Authentication - Revoke Session should revoke another session" time="1.648">
    </testcase>
  </testsuite>
  <testsuite name="Authentication - Logout" errors="0" failures="0" skipped="0" timestamp="2026-08-07T01:53:48" time="0.996" tests="1">
    <testcase classname="Authentication - Logout should logout current session" name="Authentication - Logout should logout current session" time="0.836">
    </testcase>
  </testsuite>
  <testsuite name="Authentication - Verify OTP" errors="0" failures="0" skipped="0" timestamp="2026-08-07T01:53:49" time="0.995" tests="1">
    <testcase classname="Authentication - Verify OTP should verify OTP and login successfully" name="Authentication - Verify OTP should verify OTP and login successfully" time="0.824">
    </testcase>
  </testsuite>
  <testsuite name="Authentication - Me" errors="0" failures="0" skipped="0" timestamp="2026-08-07T01:53:50" time="0.997" tests="1">
    <testcase classname="Authentication - Me should return current authenticated user" name="Authentication - Me should return current authenticated user" time="0.836">
    </testcase>
  </testsuite>
  <testsuite name="Authentication - Send OTP" errors="0" failures="0" skipped="0" timestamp="2026-08-07T01:53:51" time="0.506" tests="1">
    <testcase classname="Authentication - Send OTP should send OTP successfully" name="Authentication - Send OTP should send OTP successfully" time="0.296">
    </testcase>
  </testsuite>
  <testsuite name="Authentication - Verify OTP Validation" errors="0" failures="0" skipped="0" timestamp="2026-08-07T01:53:52" time="0.186" tests="4">
    <testcase classname="Authentication - Verify OTP Validation should reject missing otp" name="Authentication - Verify OTP Validation should reject missing otp" time="0.011">
    </testcase>
    <testcase classname="Authentication - Verify OTP Validation should reject missing provider" name="Authentication - Verify OTP Validation should reject missing provider" time="0.003">
    </testcase>
    <testcase classname="Authentication - Verify OTP Validation should reject missing identifier" name="Authentication - Verify OTP Validation should reject missing identifier" time="0.002">
    </testcase>
    <testcase classname="Authentication - Verify OTP Validation should reject invalid otp" name="Authentication - Verify OTP Validation should reject invalid otp" time="0.002">
    </testcase>
  </testsuite>
  <testsuite name="Authentication - Send OTP Validation" errors="0" failures="0" skipped="0" timestamp="2026-08-07T01:53:52" time="0.183" tests="4">
    <testcase classname="Authentication - Send OTP Validation should reject missing provider" name="Authentication - Send OTP Validation should reject missing provider" time="0.011">
    </testcase>
    <testcase classname="Authentication - Send OTP Validation should reject missing identifier" name="Authentication - Send OTP Validation should reject missing identifier" time="0.003">
    </testcase>
    <testcase classname="Authentication - Send OTP Validation should reject invalid provider" name="Authentication - Send OTP Validation should reject invalid provider" time="0.002">
    </testcase>
    <testcase classname="Authentication - Send OTP Validation should reject invalid phone" name="Authentication - Send OTP Validation should reject invalid phone" time="0.003">
    </testcase>
  </testsuite>
  <testsuite name="Authentication - Unauthorized Requests" errors="0" failures="0" skipped="0" timestamp="2026-08-07T01:53:52" time="0.208" tests="6">
    <testcase classname="Authentication - Unauthorized Requests GET /auth/me" name="Authentication - Unauthorized Requests GET /auth/me" time="0.01">
    </testcase>
    <testcase classname="Authentication - Unauthorized Requests GET /auth/sessions" name="Authentication - Unauthorized Requests GET /auth/sessions" time="0.006">
    </testcase>
    <testcase classname="Authentication - Unauthorized Requests POST /auth/logout" name="Authentication - Unauthorized Requests POST /auth/logout" time="0.003">
    </testcase>
    <testcase classname="Authentication - Unauthorized Requests POST /auth/logout-all" name="Authentication - Unauthorized Requests POST /auth/logout-all" time="0.003">
    </testcase>
    <testcase classname="Authentication - Unauthorized Requests DELETE /auth/sessions/:id" name="Authentication - Unauthorized Requests DELETE /auth/sessions/:id" time="0.004">
    </testcase>
    <testcase classname="Authentication - Unauthorized Requests should reject malformed bearer token" name="Authentication - Unauthorized Requests should reject malformed bearer token" time="0.006">
    </testcase>
  </testsuite>
  <testsuite name="PostService getUserPosts authorization" errors="0" failures="0" skipped="0" timestamp="2026-08-07T01:53:52" time="0.038" tests="7">
    <testcase classname="PostService getUserPosts authorization allows an owner to view a private profile without a relationship lookup" name="PostService getUserPosts authorization allows an owner to view a private profile without a relationship lookup" time="0.001">
    </testcase>
    <testcase classname="PostService getUserPosts authorization allows anonymous access to a public profile" name="PostService getUserPosts authorization allows anonymous access to a public profile" time="0.001">
    </testcase>
    <testcase classname="PostService getUserPosts authorization hides a private profile from an anonymous viewer" name="PostService getUserPosts authorization hides a private profile from an anonymous viewer" time="0">
    </testcase>
    <testcase classname="PostService getUserPosts authorization hides a private profile from an unconnected viewer" name="PostService getUserPosts authorization hides a private profile from an unconnected viewer" time="0">
    </testcase>
    <testcase classname="PostService getUserPosts authorization allows a connected viewer through a private profile gate" name="PostService getUserPosts authorization allows a connected viewer through a private profile gate" time="0">
    </testcase>
    <testcase classname="PostService getUserPosts authorization hides a public profile from a blocked viewer" name="PostService getUserPosts authorization hides a public profile from a blocked viewer" time="0.001">
    </testcase>
    <testcase classname="PostService getUserPosts authorization gives blocking priority over a stale connection" name="PostService getUserPosts authorization gives blocking priority over a stale connection" time="0">
    </testcase>
  </testsuite>
  <testsuite name="Authentication - Refresh Validation" errors="0" failures="0" skipped="0" timestamp="2026-08-07T01:53:52" time="0.19" tests="2">
    <testcase classname="Authentication - Refresh Validation should reject missing refresh token" name="Authentication - Refresh Validation should reject missing refresh token" time="0.011">
    </testcase>
    <testcase classname="Authentication - Refresh Validation should reject empty refresh token" name="Authentication - Refresh Validation should reject empty refresh token" time="0.002">
    </testcase>
  </testsuite>
  <testsuite name="Authentication - Logout Validation" errors="0" failures="0" skipped="0" timestamp="2026-08-07T01:53:52" time="0.199" tests="3">
    <testcase classname="Authentication - Logout Validation should reject logout without authorization" name="Authentication - Logout Validation should reject logout without authorization" time="0.011">
    </testcase>
    <testcase classname="Authentication - Logout Validation should reject logout-all without authorization" name="Authentication - Logout Validation should reject logout-all without authorization" time="0.006">
    </testcase>
    <testcase classname="Authentication - Logout Validation should reject malformed bearer token" name="Authentication - Logout Validation should reject malformed bearer token" time="0.006">
    </testcase>
  </testsuite>
  <testsuite name="PostCommentsService" errors="0" failures="0" skipped="0" timestamp="2026-08-07T01:53:53" time="0.045" tests="10">
    <testcase classname="PostCommentsService getPostComments returns top-level comments with author and reply count" name="PostCommentsService getPostComments returns top-level comments with author and reply count" time="0.002">
    </testcase>
    <testcase classname="PostCommentsService getPostComments creates a timestamp-safe next cursor" name="PostCommentsService getPostComments creates a timestamp-safe next cursor" time="0.001">
    </testcase>
    <testcase classname="PostCommentsService getPostComments rejects a malformed cursor" name="PostCommentsService getPostComments rejects a malformed cursor" time="0">
    </testcase>
    <testcase classname="PostCommentsService creates a top-level comment" name="PostCommentsService creates a top-level comment" time="0">
    </testcase>
    <testcase classname="PostCommentsService creates a reply on the same post" name="PostCommentsService creates a reply on the same post" time="0.002">
    </testcase>
    <testcase classname="PostCommentsService rejects a parent from another post" name="PostCommentsService rejects a parent from another post" time="0">
    </testcase>
    <testcase classname="PostCommentsService does not write when post access is denied" name="PostCommentsService does not write when post access is denied" time="0.001">
    </testcase>
    <testcase classname="PostCommentsService maps a concurrently deleted parent to not found" name="PostCommentsService maps a concurrently deleted parent to not found" time="0">
    </testcase>
    <testcase classname="PostCommentsService deleteComment deletes an authorized comment and returns the canonical count" name="PostCommentsService deleteComment deletes an authorized comment and returns the canonical count" time="0.001">
    </testcase>
    <testcase classname="PostCommentsService deleteComment hides a missing or unauthorized comment" name="PostCommentsService deleteComment hides a missing or unauthorized comment" time="0">
    </testcase>
  </testsuite>
  <testsuite name="PostReactionsService" errors="0" failures="0" skipped="0" timestamp="2026-08-07T01:53:53" time="0.041" tests="8">
    <testcase classname="PostReactionsService setReaction creates or updates a reaction on an accessible public post" name="PostReactionsService setReaction creates or updates a reaction on an accessible public post" time="0.002">
    </testcase>
    <testcase classname="PostReactionsService setReaction allows the owner to react to their private post" name="PostReactionsService setReaction allows the owner to react to their private post" time="0">
    </testcase>
    <testcase classname="PostReactionsService setReaction hides an inaccessible private post" name="PostReactionsService setReaction hides an inaccessible private post" time="0">
    </testcase>
    <testcase classname="PostReactionsService setReaction prevents reactions across a block relationship" name="PostReactionsService setReaction prevents reactions across a block relationship" time="0.002">
    </testcase>
    <testcase classname="PostReactionsService removeReaction is successful when no existing reaction is found" name="PostReactionsService removeReaction is successful when no existing reaction is found" time="0.001">
    </testcase>
    <testcase classname="PostReactionsService getPostReactions returns an unfiltered reaction list" name="PostReactionsService getPostReactions returns an unfiltered reaction list" time="0.001">
    </testcase>
    <testcase classname="PostReactionsService getPostReactions filters by type and creates a next cursor" name="PostReactionsService getPostReactions filters by type and creates a next cursor" time="0.001">
    </testcase>
    <testcase classname="PostReactionsService getPostReactions rejects a malformed cursor" name="PostReactionsService getPostReactions rejects a malformed cursor" time="0">
    </testcase>
  </testsuite>
  <testsuite name="ConnectionsService" errors="0" failures="0" skipped="0" timestamp="2026-08-07T01:53:53" time="0.057" tests="37">
    <testcase classname="ConnectionsService sendConnectionRequest creates a new pending request" name="ConnectionsService sendConnectionRequest creates a new pending request" time="0.001">
    </testcase>
    <testcase classname="ConnectionsService sendConnectionRequest returns the existing outgoing request idempotently" name="ConnectionsService sendConnectionRequest returns the existing outgoing request idempotently" time="0">
    </testcase>
    <testcase classname="ConnectionsService sendConnectionRequest rejects a request to self before querying" name="ConnectionsService sendConnectionRequest rejects a request to self before querying" time="0.001">
    </testcase>
    <testcase classname="ConnectionsService sendConnectionRequest hides a missing context" name="ConnectionsService sendConnectionRequest hides a missing context" time="0">
    </testcase>
    <testcase classname="ConnectionsService sendConnectionRequest hides a unavailable target" name="ConnectionsService sendConnectionRequest hides a unavailable target" time="0">
    </testcase>
    <testcase classname="ConnectionsService sendConnectionRequest rejects an existing connection" name="ConnectionsService sendConnectionRequest rejects an existing connection" time="0">
    </testcase>
    <testcase classname="ConnectionsService sendConnectionRequest returns the reverse incoming request ID" name="ConnectionsService sendConnectionRequest returns the reverse incoming request ID" time="0">
    </testcase>
    <testcase classname="ConnectionsService sendConnectionRequest recovers from a unique-constraint race" name="ConnectionsService sendConnectionRequest recovers from a unique-constraint race" time="0">
    </testcase>
    <testcase classname="ConnectionsService sendConnectionRequest does not hide unrelated database errors" name="ConnectionsService sendConnectionRequest does not hide unrelated database errors" time="0">
    </testcase>
    <testcase classname="ConnectionsService sendConnectionRequest rejects an unexpected empty repository result" name="ConnectionsService sendConnectionRequest rejects an unexpected empty repository result" time="0">
    </testcase>
    <testcase classname="ConnectionsService getIncomingConnectionRequests returns pending incoming requests" name="ConnectionsService getIncomingConnectionRequests returns pending incoming requests" time="0.001">
    </testcase>
    <testcase classname="ConnectionsService getIncomingConnectionRequests creates a timestamp-safe next cursor" name="ConnectionsService getIncomingConnectionRequests creates a timestamp-safe next cursor" time="0">
    </testcase>
    <testcase classname="ConnectionsService getIncomingConnectionRequests returns an empty incoming list" name="ConnectionsService getIncomingConnectionRequests returns an empty incoming list" time="0.001">
    </testcase>
    <testcase classname="ConnectionsService getIncomingConnectionRequests rejects an invalid cursor before querying" name="ConnectionsService getIncomingConnectionRequests rejects an invalid cursor before querying" time="0">
    </testcase>
    <testcase classname="ConnectionsService getOutgoingConnectionRequests returns pending outgoing requests" name="ConnectionsService getOutgoingConnectionRequests returns pending outgoing requests" time="0.001">
    </testcase>
    <testcase classname="ConnectionsService getOutgoingConnectionRequests creates an outgoing timestamp-safe cursor" name="ConnectionsService getOutgoingConnectionRequests creates an outgoing timestamp-safe cursor" time="0">
    </testcase>
    <testcase classname="ConnectionsService getOutgoingConnectionRequests returns an empty outgoing list" name="ConnectionsService getOutgoingConnectionRequests returns an empty outgoing list" time="0.001">
    </testcase>
    <testcase classname="ConnectionsService getOutgoingConnectionRequests rejects an invalid outgoing cursor before querying" name="ConnectionsService getOutgoingConnectionRequests rejects an invalid outgoing cursor before querying" time="0">
    </testcase>
    <testcase classname="ConnectionsService getMyConnections returns accepted connections" name="ConnectionsService getMyConnections returns accepted connections" time="0.001">
    </testcase>
    <testcase classname="ConnectionsService getMyConnections creates a connection timestamp-safe cursor" name="ConnectionsService getMyConnections creates a connection timestamp-safe cursor" time="0.001">
    </testcase>
    <testcase classname="ConnectionsService getMyConnections returns an empty connection list" name="ConnectionsService getMyConnections returns an empty connection list" time="0">
    </testcase>
    <testcase classname="ConnectionsService getMyConnections rejects an invalid connection cursor before querying" name="ConnectionsService getMyConnections rejects an invalid connection cursor before querying" time="0">
    </testcase>
    <testcase classname="ConnectionsService removeConnection removes an accepted connection" name="ConnectionsService removeConnection removes an accepted connection" time="0">
    </testcase>
    <testcase classname="ConnectionsService removeConnection rejects self-removal before querying" name="ConnectionsService removeConnection rejects self-removal before querying" time="0">
    </testcase>
    <testcase classname="ConnectionsService removeConnection hides a missing connection" name="ConnectionsService removeConnection hides a missing connection" time="0">
    </testcase>
    <testcase classname="ConnectionsService removeConnection does not hide removal database errors" name="ConnectionsService removeConnection does not hide removal database errors" time="0">
    </testcase>
    <testcase classname="ConnectionsService cancelConnectionRequest cancels a pending outgoing request" name="ConnectionsService cancelConnectionRequest cancels a pending outgoing request" time="0.001">
    </testcase>
    <testcase classname="ConnectionsService cancelConnectionRequest returns repeated cancellation idempotently" name="ConnectionsService cancelConnectionRequest returns repeated cancellation idempotently" time="0">
    </testcase>
    <testcase classname="ConnectionsService cancelConnectionRequest hides a missing or unauthorized request" name="ConnectionsService cancelConnectionRequest hides a missing or unauthorized request" time="0.001">
    </testcase>
    <testcase classname="ConnectionsService cancelConnectionRequest does not hide cancellation database errors" name="ConnectionsService cancelConnectionRequest does not hide cancellation database errors" time="0">
    </testcase>
    <testcase classname="ConnectionsService respondToConnectionRequest accepts a pending request and returns the connection" name="ConnectionsService respondToConnectionRequest accepts a pending request and returns the connection" time="0">
    </testcase>
    <testcase classname="ConnectionsService respondToConnectionRequest returns a repeated acceptance idempotently" name="ConnectionsService respondToConnectionRequest returns a repeated acceptance idempotently" time="0">
    </testcase>
    <testcase classname="ConnectionsService respondToConnectionRequest rejects a pending request without creating a connection" name="ConnectionsService respondToConnectionRequest rejects a pending request without creating a connection" time="0">
    </testcase>
    <testcase classname="ConnectionsService respondToConnectionRequest returns a repeated rejection idempotently" name="ConnectionsService respondToConnectionRequest returns a repeated rejection idempotently" time="0">
    </testcase>
    <testcase classname="ConnectionsService respondToConnectionRequest hides a missing or unauthorized request" name="ConnectionsService respondToConnectionRequest hides a missing or unauthorized request" time="0">
    </testcase>
    <testcase classname="ConnectionsService respondToConnectionRequest maps a foreign-key race to request not found" name="ConnectionsService respondToConnectionRequest maps a foreign-key race to request not found" time="0">
    </testcase>
    <testcase classname="ConnectionsService respondToConnectionRequest does not hide unrelated response errors" name="ConnectionsService respondToConnectionRequest does not hide unrelated response errors" time="0">
    </testcase>
  </testsuite>
  <testsuite name="MemoriesService" errors="0" failures="0" skipped="0" timestamp="2026-08-07T01:53:53" time="0.039" tests="7">
    <testcase classname="MemoriesService saveMemory saves an owned compatible asset" name="MemoriesService saveMemory saves an owned compatible asset" time="0.002">
    </testcase>
    <testcase classname="MemoriesService saveMemory returns the same memory for a repeated save" name="MemoriesService saveMemory returns the same memory for a repeated save" time="0">
    </testcase>
    <testcase classname="MemoriesService saveMemory hides a missing, unowned, or incompatible asset" name="MemoriesService saveMemory hides a missing, unowned, or incompatible asset" time="0.001">
    </testcase>
    <testcase classname="MemoriesService saveMemory maps a foreign-key race to asset not allowed" name="MemoriesService saveMemory maps a foreign-key race to asset not allowed" time="0">
    </testcase>
    <testcase classname="MemoriesService getMyMemories returns only the authenticated user&apos;s memories" name="MemoriesService getMyMemories returns only the authenticated user&apos;s memories" time="0">
    </testcase>
    <testcase classname="MemoriesService getMyMemories creates a timestamp-safe next cursor" name="MemoriesService getMyMemories creates a timestamp-safe next cursor" time="0.001">
    </testcase>
    <testcase classname="MemoriesService getMyMemories rejects a malformed cursor before querying" name="MemoriesService getMyMemories rejects a malformed cursor before querying" time="0">
    </testcase>
  </testsuite>
  <testsuite name="CommentLikesService" errors="0" failures="0" skipped="0" timestamp="2026-08-07T01:53:53" time="0.044" tests="12">
    <testcase classname="CommentLikesService getCommentLikes returns liker identities to the post owner" name="CommentLikesService getCommentLikes returns liker identities to the post owner" time="0.001">
    </testcase>
    <testcase classname="CommentLikesService getCommentLikes creates a timestamp-safe next cursor" name="CommentLikesService getCommentLikes creates a timestamp-safe next cursor" time="0">
    </testcase>
    <testcase classname="CommentLikesService getCommentLikes hides the liker list from a non-owner" name="CommentLikesService getCommentLikes hides the liker list from a non-owner" time="0.001">
    </testcase>
    <testcase classname="CommentLikesService getCommentLikes rejects a malformed cursor after ownership is confirmed" name="CommentLikesService getCommentLikes rejects a malformed cursor after ownership is confirmed" time="0">
    </testcase>
    <testcase classname="CommentLikesService setLike likes a comment and returns canonical state" name="CommentLikesService setLike likes a comment and returns canonical state" time="0">
    </testcase>
    <testcase classname="CommentLikesService setLike is idempotent when the like already exists" name="CommentLikesService setLike is idempotent when the like already exists" time="0.002">
    </testcase>
    <testcase classname="CommentLikesService setLike maps a foreign-key race to comment not found" name="CommentLikesService setLike maps a foreign-key race to comment not found" time="0">
    </testcase>
    <testcase classname="CommentLikesService removeLike removes a like and returns canonical state" name="CommentLikesService removeLike removes a like and returns canonical state" time="0.001">
    </testcase>
    <testcase classname="CommentLikesService removeLike is idempotent when no like exists" name="CommentLikesService removeLike is idempotent when no like exists" time="0.001">
    </testcase>
    <testcase classname="CommentLikesService hides a missing comment" name="CommentLikesService hides a missing comment" time="0">
    </testcase>
    <testcase classname="CommentLikesService prevents interaction across a block relationship" name="CommentLikesService prevents interaction across a block relationship" time="0.001">
    </testcase>
    <testcase classname="CommentLikesService does not write when post access is denied" name="CommentLikesService does not write when post access is denied" time="0">
    </testcase>
  </testsuite>
  <testsuite name="PostBeenThereService" errors="0" failures="0" skipped="0" timestamp="2026-08-07T01:53:53" time="0.043" tests="9">
    <testcase classname="PostBeenThereService setBeenThere sets Been There and returns canonical state" name="PostBeenThereService setBeenThere sets Been There and returns canonical state" time="0.002">
    </testcase>
    <testcase classname="PostBeenThereService setBeenThere is idempotent when the row already exists" name="PostBeenThereService setBeenThere is idempotent when the row already exists" time="0">
    </testcase>
    <testcase classname="PostBeenThereService setBeenThere converts a foreign-key race into post not found" name="PostBeenThereService setBeenThere converts a foreign-key race into post not found" time="0.001">
    </testcase>
    <testcase classname="PostBeenThereService setBeenThere does not write when access is denied" name="PostBeenThereService setBeenThere does not write when access is denied" time="0.001">
    </testcase>
    <testcase classname="PostBeenThereService removeBeenThere removes Been There and returns canonical state" name="PostBeenThereService removeBeenThere removes Been There and returns canonical state" time="0">
    </testcase>
    <testcase classname="PostBeenThereService removeBeenThere is idempotent when no row exists" name="PostBeenThereService removeBeenThere is idempotent when no row exists" time="0.001">
    </testcase>
    <testcase classname="PostBeenThereService getPostBeenThere returns the visitor list" name="PostBeenThereService getPostBeenThere returns the visitor list" time="0">
    </testcase>
    <testcase classname="PostBeenThereService getPostBeenThere creates a timestamp-safe next cursor" name="PostBeenThereService getPostBeenThere creates a timestamp-safe next cursor" time="0.001">
    </testcase>
    <testcase classname="PostBeenThereService getPostBeenThere rejects a malformed cursor" name="PostBeenThereService getPostBeenThere rejects a malformed cursor" time="0">
    </testcase>
  </testsuite>
  <testsuite name="PostCreateService" errors="0" failures="0" skipped="0" timestamp="2026-08-07T01:53:53" time="0.042" tests="9">
    <testcase classname="PostCreateService creates an itinerary-only post and returns the canonical post" name="PostCreateService creates an itinerary-only post and returns the canonical post" time="0.002">
    </testcase>
    <testcase classname="PostCreateService rejects a request with no media or itinerary before opening a transaction" name="PostCreateService rejects a request with no media or itinerary before opening a transaction" time="0.001">
    </testcase>
    <testcase classname="PostCreateService rejects an unavailable place and removes newly stored files" name="PostCreateService rejects an unavailable place and removes newly stored files" time="0.001">
    </testcase>
    <testcase classname="PostCreateService rejects an unavailable existing asset" name="PostCreateService rejects an unavailable existing asset" time="0">
    </testcase>
    <testcase classname="PostCreateService requires explicit ordering when uploaded and existing media are combined" name="PostCreateService requires explicit ordering when uploaded and existing media are combined" time="0.001">
    </testcase>
    <testcase classname="PostCreateService creates uploaded and existing media in frontend order" name="PostCreateService creates uploaded and existing media in frontend order" time="0">
    </testcase>
    <testcase classname="PostCreateService removes a redundant stored object after per-user deduplication" name="PostCreateService removes a redundant stored object after per-user deduplication" time="0.001">
    </testcase>
    <testcase classname="PostCreateService rejects tagging the author before inspecting or storing files" name="PostCreateService rejects tagging the author before inspecting or storing files" time="0">
    </testcase>
    <testcase classname="PostCreateService rejects a blocked or unavailable tagged user" name="PostCreateService rejects a blocked or unavailable tagged user" time="0.001">
    </testcase>
  </testsuite>
  <testsuite name="ProfileService" errors="0" failures="0" skipped="0" timestamp="2026-08-07T01:53:53" time="0.056" tests="18">
    <testcase classname="ProfileService updateMyProfile rejects an empty update without an uploaded photo" name="ProfileService updateMyProfile rejects an empty update without an uploaded photo" time="0.002">
    </testcase>
    <testcase classname="ProfileService updateMyProfile rejects upload and profilePhotoAssetId together" name="ProfileService updateMyProfile rejects upload and profilePhotoAssetId together" time="0.001">
    </testcase>
    <testcase classname="ProfileService updateMyProfile stores an uploaded photo and updates the profile transactionally" name="ProfileService updateMyProfile stores an uploaded photo and updates the profile transactionally" time="0.001">
    </testcase>
    <testcase classname="ProfileService updateMyProfile removes a redundant object after checksum deduplication" name="ProfileService updateMyProfile removes a redundant object after checksum deduplication" time="0">
    </testcase>
    <testcase classname="ProfileService updateMyProfile removes the stored object when the transaction fails" name="ProfileService updateMyProfile removes the stored object when the transaction fails" time="0.008">
    </testcase>
    <testcase classname="ProfileService updateMyProfile does not inspect or store a photo when the profile is missing" name="ProfileService updateMyProfile does not inspect or store a photo when the profile is missing" time="0.001">
    </testcase>
    <testcase classname="ProfileService updateMyProfile updates only the supplied profile fields" name="ProfileService updateMyProfile updates only the supplied profile fields" time="0">
    </testcase>
    <testcase classname="ProfileService updateMyProfile rejects a username owned by another profile" name="ProfileService updateMyProfile rejects a username owned by another profile" time="0.002">
    </testcase>
    <testcase classname="ProfileService updateMyProfile rejects an unavailable or unowned profile photo" name="ProfileService updateMyProfile rejects an unavailable or unowned profile photo" time="0.001">
    </testcase>
    <testcase classname="ProfileService updateMyProfile allows the profile photo to be cleared" name="ProfileService updateMyProfile allows the profile photo to be cleared" time="0.001">
    </testcase>
    <testcase classname="ProfileService updateMyProfile rejects an inactive or missing country" name="ProfileService updateMyProfile rejects an inactive or missing country" time="0">
    </testcase>
    <testcase classname="ProfileService updateMyProfile rejects an inactive or missing city" name="ProfileService updateMyProfile rejects an inactive or missing city" time="0.001">
    </testcase>
    <testcase classname="ProfileService updateMyProfile rejects a city from a different country" name="ProfileService updateMyProfile rejects a city from a different country" time="0">
    </testcase>
    <testcase classname="ProfileService updateMyProfile accepts a matching country and city" name="ProfileService updateMyProfile accepts a matching country and city" time="0.001">
    </testcase>
    <testcase classname="ProfileService updateMyProfile allows country and city to be cleared together" name="ProfileService updateMyProfile allows country and city to be cleared together" time="0">
    </testcase>
    <testcase classname="ProfileService updateMyProfile maps a concurrent username conflict" name="ProfileService updateMyProfile maps a concurrent username conflict" time="0.001">
    </testcase>
    <testcase classname="ProfileService updateMyProfile maps a concurrent profile-photo foreign-key failure" name="ProfileService updateMyProfile maps a concurrent profile-photo foreign-key failure" time="0">
    </testcase>
    <testcase classname="ProfileService updateMyProfile does not write when the profile is missing" name="ProfileService updateMyProfile does not write when the profile is missing" time="0.001">
    </testcase>
  </testsuite>
  <testsuite name="PostSavesService" errors="0" failures="0" skipped="0" timestamp="2026-08-07T01:53:53" time="0.04" tests="6">
    <testcase classname="PostSavesService savePost saves a post and returns canonical state" name="PostSavesService savePost saves a post and returns canonical state" time="0.001">
    </testcase>
    <testcase classname="PostSavesService savePost is idempotent when already saved" name="PostSavesService savePost is idempotent when already saved" time="0">
    </testcase>
    <testcase classname="PostSavesService savePost maps a concurrently deleted post to not found" name="PostSavesService savePost maps a concurrently deleted post to not found" time="0.001">
    </testcase>
    <testcase classname="PostSavesService savePost does not write when post access is denied" name="PostSavesService savePost does not write when post access is denied" time="0">
    </testcase>
    <testcase classname="PostSavesService removeSavedPost soft-removes a saved post" name="PostSavesService removeSavedPost soft-removes a saved post" time="0.001">
    </testcase>
    <testcase classname="PostSavesService removeSavedPost is idempotent when no active save exists" name="PostSavesService removeSavedPost is idempotent when no active save exists" time="0">
    </testcase>
  </testsuite>
  <testsuite name="MediaService" errors="0" failures="0" skipped="0" timestamp="2026-08-07T01:53:53" time="0.037" tests="5">
    <testcase classname="MediaService returns readable public local content" name="MediaService returns readable public local content" time="0.001">
    </testcase>
    <testcase classname="MediaService returns private local content to an authorized owner" name="MediaService returns private local content to an authorized owner" time="0.001">
    </testcase>
    <testcase classname="MediaService hides a missing or unauthorized asset" name="MediaService hides a missing or unauthorized asset" time="0.001">
    </testcase>
    <testcase classname="MediaService does not deliver an R2 asset through the local endpoint" name="MediaService does not deliver an R2 asset through the local endpoint" time="0">
    </testcase>
    <testcase classname="MediaService reports unavailable local content without exposing its path" name="MediaService reports unavailable local content without exposing its path" time="0.001">
    </testcase>
  </testsuite>
  <testsuite name="SavedContentService" errors="0" failures="0" skipped="0" timestamp="2026-08-07T01:53:53" time="0.044" tests="11">
    <testcase classname="SavedContentService getMySavedPosts returns complete saved posts in saved-item order" name="SavedContentService getMySavedPosts returns complete saved posts in saved-item order" time="0.002">
    </testcase>
    <testcase classname="SavedContentService getMySavedPosts returns an empty saved-post list" name="SavedContentService getMySavedPosts returns an empty saved-post list" time="0.002">
    </testcase>
    <testcase classname="SavedContentService getMySavedPosts creates a cursor from the last saved item" name="SavedContentService getMySavedPosts creates a cursor from the last saved item" time="0">
    </testcase>
    <testcase classname="SavedContentService getMySavedPosts rejects a malformed cursor before querying" name="SavedContentService getMySavedPosts rejects a malformed cursor before querying" time="0">
    </testcase>
    <testcase classname="SavedContentService getUserSavedPlaces returns public saved places for an anonymous viewer" name="SavedContentService getUserSavedPlaces returns public saved places for an anonymous viewer" time="0.001">
    </testcase>
    <testcase classname="SavedContentService getUserSavedPlaces creates a timestamp-safe next cursor" name="SavedContentService getUserSavedPlaces creates a timestamp-safe next cursor" time="0.001">
    </testcase>
    <testcase classname="SavedContentService getUserSavedPlaces hides a private profile from another viewer" name="SavedContentService getUserSavedPlaces hides a private profile from another viewer" time="0">
    </testcase>
    <testcase classname="SavedContentService getUserSavedPlaces allows an owner to view their private profile" name="SavedContentService getUserSavedPlaces allows an owner to view their private profile" time="0.001">
    </testcase>
    <testcase classname="SavedContentService getUserSavedPlaces hides saved places across a block relationship" name="SavedContentService getUserSavedPlaces hides saved places across a block relationship" time="0">
    </testcase>
    <testcase classname="SavedContentService getUserSavedPlaces returns not found for a missing profile" name="SavedContentService getUserSavedPlaces returns not found for a missing profile" time="0">
    </testcase>
    <testcase classname="SavedContentService getUserSavedPlaces rejects a malformed cursor" name="SavedContentService getUserSavedPlaces rejects a malformed cursor" time="0">
    </testcase>
  </testsuite>
  <testsuite name="PostService getUserPosts authorization" errors="0" failures="0" skipped="0" timestamp="2026-08-07T01:53:53" time="0.038" tests="7">
    <testcase classname="PostService getUserPosts authorization allows an owner to view a private profile without a relationship lookup" name="PostService getUserPosts authorization allows an owner to view a private profile without a relationship lookup" time="0.002">
    </testcase>
    <testcase classname="PostService getUserPosts authorization allows anonymous access to a public profile" name="PostService getUserPosts authorization allows anonymous access to a public profile" time="0">
    </testcase>
    <testcase classname="PostService getUserPosts authorization hides a private profile from an anonymous viewer" name="PostService getUserPosts authorization hides a private profile from an anonymous viewer" time="0">
    </testcase>
    <testcase classname="PostService getUserPosts authorization hides a private profile from an unconnected viewer" name="PostService getUserPosts authorization hides a private profile from an unconnected viewer" time="0.001">
    </testcase>
    <testcase classname="PostService getUserPosts authorization allows a connected viewer through a private profile gate" name="PostService getUserPosts authorization allows a connected viewer through a private profile gate" time="0">
    </testcase>
    <testcase classname="PostService getUserPosts authorization hides a public profile from a blocked viewer" name="PostService getUserPosts authorization hides a public profile from a blocked viewer" time="0">
    </testcase>
    <testcase classname="PostService getUserPosts authorization gives blocking priority over a stale connection" name="PostService getUserPosts authorization gives blocking priority over a stale connection" time="0">
    </testcase>
  </testsuite>
</testsuites>